<?xml version="1.0" encoding="UTF-8"?>
<!-- Generated by org.testng.reporters.JUnitReportReporter -->
<testsuite hostname="Govardan" failures="0" tests="1" name="com.HybridNewToursTextData.NewTours_AllLinksURL" time="41.084" errors="0" timestamp="27 Jun 2018 05:32:37 GMT">
  <testcase classname="com.HybridNewToursTextData.NewTours_AllLinksURL" name="NewtoursAllURL" time="41.084"/>
</testsuite> <!-- com.HybridNewToursTextData.NewTours_AllLinksURL -->
